<?xml version="1.0" encoding="UTF-8"?>
<!-- Generated by org.testng.reporters.JUnitReportReporter -->
<testsuite hostname="DESKTOP-1BJBVLU" failures="0" tests="1" name="webdriverAutomation.DemoLoginPage" time="7.929" errors="0" timestamp="2022-08-19T14:59:48 EDT" skipped="0">
  <testcase classname="webdriverAutomation.DemoLoginPage" name="test1" time="7.929"/>
  <system-out/>
</testsuite> <!-- webdriverAutomation.DemoLoginPage -->
