<?xml version="1.0" encoding="UTF-8"?>
<!-- Generated by org.testng.reporters.JUnitReportReporter -->
<testsuite hostname="DESKTOP-1BJBVLU" failures="0" tests="2" name="webdriverAutomation.TestNGExp" time="3.378" errors="0" timestamp="2022-08-18T12:29:24 EDT" skipped="0">
  <testcase classname="webdriverAutomation.TestNGExp" name="test2" time="0.238"/>
  <system-out/>
  <testcase classname="webdriverAutomation.TestNGExp" name="test1" time="3.140"/>
  <system-out/>
</testsuite> <!-- webdriverAutomation.TestNGExp -->
