<?xml version="1.0" encoding="UTF-8"?>
<!-- Generated by org.testng.reporters.JUnitReportReporter -->
<testsuite hostname="DESKTOP-1BJBVLU" failures="0" tests="2" name="webdriverAutomation.TestNGExp2" time="0.000" errors="0" timestamp="2022-08-18T10:14:01 EDT" skipped="2">
  <testcase classname="webdriverAutomation.TestNGExp2" name="test2" time="0.000">
    <skipped/>
  </testcase> <!-- test2 -->
  <system-out/>
  <testcase classname="webdriverAutomation.TestNGExp2" name="test1" time="0.000">
    <skipped/>
  </testcase> <!-- test1 -->
  <system-out/>
</testsuite> <!-- webdriverAutomation.TestNGExp2 -->
